<?xml version="1.0" encoding="UTF-8"?>
<!-- Generated by org.testng.reporters.JUnitReportReporter -->
<testsuite hostname="TTPL-LNV-002" failures="0" tests="1" name="Default.alllocatorsatone" time="20.146" errors="0" timestamp="2022-08-28T20:11:52 IST" skipped="0">
  <testcase classname="Default.alllocatorsatone" name="Login" time="20.146"/>
  <system-out/>
</testsuite> <!-- Default.alllocatorsatone -->
